<?xml version="1.0" encoding="UTF-8"?>
<!-- Generated by org.testng.reporters.JUnitXMLReporter -->
<testsuite ignored="1" hostname="Seenivasan" failures="0" tests="2" name="Test1" time="2.443" errors="0" timestamp="2025-01-05T14:25:23 CET">
  <testcase classname="suiteB.TestClassB" name="testB" time="1.026"/>
  <testcase classname="suiteB.TestClassB" name="testB" time="1.013"/>
  <testcase classname="suiteC.TestClassCC" name="testCC" time="0.0">
    <ignored/>
  </testcase> <!-- testCC -->
</testsuite> <!-- Test1 -->
