<?xml version="1.0" encoding="UTF-8"?>
<!-- Generated by org.testng.reporters.JUnitXMLReporter -->
<testsuite ignored="0" hostname="Seenivasan" failures="1" tests="4" name="Test" time="4.529" errors="0" timestamp="2025-01-05T14:24:01 CET">
  <testcase classname="suiteA.TestClassA" name="testA" time="1.021"/>
  <testcase classname="suiteA.TestClassA" name="testA" time="1.016">
    <failure type="java.lang.AssertionError" message="The following asserts failed:
	Validation failure: UserName 2 does not equal username_DEMO">
      <![CDATA[java.lang.AssertionError: The following asserts failed:
Validation failure: UserName 2 does not equal username_DEMO
at suiteA.TestClassA.testA(TestClassA.java:50)
at java.base/java.util.ArrayList.forEach(ArrayList.java:1511)
... Removed 27 stack frames]]>
    </failure>
  </testcase> <!-- testA -->
  <testcase classname="suiteA.TestClassAA" name="testAA" time="1.016"/>
  <testcase classname="suiteA.TestClassAA" name="testAA" time="1.016"/>
</testsuite> <!-- Test -->
