<?xml version="1.0" encoding="UTF-8"?>
<testng-results ignored="5" total="7" passed="2" failed="0" skipped="0">
  <reporter-output>
  </reporter-output>
  <suite started-at="2025-01-05T14:25:20 CET" name="Suite" finished-at="2025-01-05T14:25:23 CET" duration-ms="2476">
    <groups>
      <group name="B-Group">
        <method signature="TestClassB.testB(java.lang.String,java.lang.String)[pri:0, instance:suiteB.TestClassB@44ebcd03]" name="testB" class="suiteB.TestClassB"/>
      </group> <!-- B-Group -->
    </groups>
    <test started-at="2025-01-05T14:25:20 CET" name="Test1" finished-at="2025-01-05T14:25:23 CET" duration-ms="2443">
      <class name="suiteB.TestClassB">
        <test-method is-config="true" signature="init(org.testng.ITestResult)[pri:0, instance:suiteB.TestClassB@44ebcd03]" started-at="2025-01-05T14:25:20 CET" name="init" finished-at="2025-01-05T14:25:21 CET" duration-ms="170" status="PASS">
          <params>
            <param index="0">
              <value>
                <![CDATA[[TestResult name={null} status=CREATED method=TestClassB.testB(java.lang.String,java.lang.String)[pri:0, instance:suiteB.TestClassB@44ebcd03] output={null}]]]>
              </value>
            </param>
          </params>
          <reporter-output>
          </reporter-output>
        </test-method> <!-- init -->
        <test-method signature="testB(java.lang.String,java.lang.String)[pri:0, instance:suiteB.TestClassB@44ebcd03]" started-at="2025-01-05T14:25:21 CET" name="testB" data-provider="DataProviderSuiteB" finished-at="2025-01-05T14:25:22 CET" duration-ms="1026" status="PASS">
          <params>
            <param index="0">
              <value>
                <![CDATA[UserName 100]]>
              </value>
            </param>
            <param index="1">
              <value>
                <![CDATA[Password 101]]>
              </value>
            </param>
          </params>
          <reporter-output>
          </reporter-output>
        </test-method> <!-- testB -->
        <test-method is-config="true" signature="quit()[pri:0, instance:suiteB.TestClassB@44ebcd03]" started-at="2025-01-05T14:25:22 CET" name="quit" finished-at="2025-01-05T14:25:22 CET" duration-ms="176" status="PASS">
          <reporter-output>
          </reporter-output>
        </test-method> <!-- quit -->
        <test-method signature="testB(java.lang.String,java.lang.String)[pri:0, instance:suiteB.TestClassB@44ebcd03]" started-at="2025-01-05T14:25:22 CET" name="testB" data-provider="DataProviderSuiteB" finished-at="2025-01-05T14:25:23 CET" duration-ms="1013" status="PASS">
          <params>
            <param index="0">
              <value>
                <![CDATA[UserName 200]]>
              </value>
            </param>
            <param index="1">
              <value>
                <![CDATA[Password 201]]>
              </value>
            </param>
          </params>
          <reporter-output>
          </reporter-output>
        </test-method> <!-- testB -->
        <test-method is-config="true" signature="init(org.testng.ITestResult)[pri:0, instance:suiteB.TestClassB@44ebcd03]" started-at="2025-01-05T14:25:22 CET" name="init" finished-at="2025-01-05T14:25:22 CET" duration-ms="0" status="PASS">
          <params>
            <param index="0">
              <value>
                <![CDATA[[TestResult name={null} status=CREATED method=TestClassB.testB(java.lang.String,java.lang.String)[pri:0, instance:suiteB.TestClassB@44ebcd03] output={null}]]]>
              </value>
            </param>
          </params>
          <reporter-output>
          </reporter-output>
        </test-method> <!-- init -->
        <test-method is-config="true" signature="quit()[pri:0, instance:suiteB.TestClassB@44ebcd03]" started-at="2025-01-05T14:25:23 CET" name="quit" finished-at="2025-01-05T14:25:23 CET" duration-ms="11" status="PASS">
          <reporter-output>
          </reporter-output>
        </test-method> <!-- quit -->
      </class> <!-- suiteB.TestClassB -->
    </test> <!-- Test1 -->
    <test started-at="2025-01-05T14:25:23 CET" name="Test2" finished-at="2025-01-05T14:25:23 CET" duration-ms="1">
    </test> <!-- Test2 -->
    <test started-at="2025-01-05T14:25:23 CET" name="Test3" finished-at="2025-01-05T14:25:23 CET" duration-ms="0">
    </test> <!-- Test3 -->
  </suite> <!-- Suite -->
</testng-results>
